         w __cxa_begin_cleanup
         w __cxa_call_unexpected
         w __cxa_type_match
         w __deregister_frame_info
         w __gnu_Unwind_Find_exidx
         w __register_frame_info
         w userAppExit
         w userAppInit
00000000 00000802 B __ctru_dev_utf16_buf
00000000 A __sync_synchronize
00000000 b _TLS_MODULE_BASE_
00000000 a shift
00000000 a shift
00000804 00000401 B __ctru_dev_path_buf
00100000 A __start__
00100000 T _start
00100008 T __service_ptr
0010000c T __apt_appid
00100010 T __heap_size
00100014 T __linear_heap_size
00100018 T __system_arglist
0010001c T __system_runflags
00100020 t startup
00100058 t ClearMem
0010006c t ClrLoop
00100094 T _init
001000ac T __aeabi_idiv
001000ac 00000220 T __divsi3
001000b4 t .divsi3_skip_div0_test
001002cc 00000020 T __aeabi_idivmod
001002ec 00000004 W __aeabi_idiv0
001002ec 00000004 W __aeabi_ldiv0
001002f0 T __aeabi_uldivmod
0010032c 00000014 T __restore_core_regs
0010032c 00000014 T restore_core_regs
00100340 T __gnu_Unwind_Restore_VFP
00100348 T __gnu_Unwind_Save_VFP
00100350 T __gnu_Unwind_Restore_VFP_D
00100358 T __gnu_Unwind_Save_VFP_D
00100360 T __gnu_Unwind_Restore_VFP_D_16_to_31
00100368 T __gnu_Unwind_Save_VFP_D_16_to_31
00100370 T __gnu_Unwind_Restore_WMMXD
001003b4 T __gnu_Unwind_Save_WMMXD
001003f8 T __gnu_Unwind_Restore_WMMXC
0010040c T __gnu_Unwind_Save_WMMXC
00100420 00000024 T ___Unwind_RaiseException
00100420 00000024 T _Unwind_RaiseException
00100444 00000024 T ___Unwind_Resume
00100444 00000024 T _Unwind_Resume
00100468 00000024 T ___Unwind_Resume_or_Rethrow
00100468 00000024 T _Unwind_Resume_or_Rethrow
0010048c 00000024 T ___Unwind_ForcedUnwind
0010048c 00000024 T _Unwind_ForcedUnwind
001004b0 00000024 T ___Unwind_Backtrace
001004b0 00000024 T _Unwind_Backtrace
001004e8 00000390 T strcmp
00100870 t .udivsi3_skip_div0_test
00100870 T __aeabi_uidiv
00100870 000001ec T __udivsi3
00100a5c 00000020 T __aeabi_uidivmod
00100a7c t __do_global_dtors_aux
00100acc t frame_dummy
00100af8 000000a4 T main
00100b9c 00000014 t archive_link
00100bb0 00000014 t archive_dirreset
00100bc4 00000014 t archive_chmod
00100bd8 00000024 t error_cmp
00100bfc 00000050 t archive_translate_error
00100c4c 000000c0 t archive_seek
00100d0c 00000078 t _archiveInit.part.0
00100d84 000000d4 t archiveFindDevice.part.0
00100e58 00000298 t archive_utf16path
001010f0 00000098 t _archiveUnmountDeviceStruct.part.0
00101188 00000014 t archive_statvfs
0010119c 00000014 t archive_fchmod
001011b0 00000178 t _archiveMountDevice
00101328 000000f8 t archive_diropen
00101420 000000ac t archive_fstat
001014cc 00000074 t archive_fsync
00101540 00000074 t archive_close
001015b4 00000078 t archive_dirclose
0010162c 000000ec t sdmc_statvfs
00101718 000000f8 t archive_chdir
00101810 0000008c t archive_ftruncate
0010189c 000000bc t archive_read
00101958 000000a8 t archive_unlink
00101a00 000000c0 t archive_rmdir
00101ac0 000000d8 t archive_mkdir
00101b98 000001a0 t archive_stat
00101d38 00000164 t archive_dirnext
00101e9c 0000013c t archive_write
00101fd8 00000254 t archive_open
0010222c 00000270 t archive_rename
0010249c 000000a0 T archiveMount
0010253c 000001c8 T archiveMountSdmc
00102704 00000054 T archiveUnmountAll
00102758 000001c8 T consoleDrawChar
00102920 00000170 T consolePrintChar
00102a90 00000c40 T con_write
001036d0 00000110 t newRow
001037e0 00000180 T consoleInit
00103960 000000cc t gfxPresentFramebuffer
00103a2c 0000001c T gfxIsWide
00103a48 000000f8 T gfxSetScreenFormat
00103b40 00000010 T gfxSetDoubleBuffering
00103b50 000000d8 T gfxInit
00103c28 00000010 T gfxInitDefault
00103c38 000000b8 T gfxExit
00103cf0 000000a0 T gfxGetFramebuffer
00103d90 00000100 T gfxFlushBuffers
00103e90 00000050 T gfxSwapBuffersGpu
00103ee0 00000180 t aptConvertScreenForCapture
00104060 00000008 W aptDspSleep
00104068 00000004 W aptDspWakeup
0010406c 00000004 W aptDspCancel
00104070 00000138 T aptSendCommand
001041a8 00000044 t aptExitProcess
001041ec 00000394 T aptExit
00104580 000000d8 T aptHandleSleep
00104658 00000084 T APT_SleepIfShellClosed
001046dc 00000078 T aptSetSleepAllowed
00104754 00000084 T APT_UnlockTransition
001047d8 00000470 t aptEventHandler
00104c48 000000bc T APT_ReceiveParameter
00104d04 000000b0 t aptReceiveParameter.constprop.0
00104db8 00000294 t aptScreenTransfer
0010504c 000002d0 t aptWaitForWakeUp.isra.0
0010531c 000000f4 T aptJumpToHomeMenu
00105410 00000058 T aptMainLoop
00105468 00000240 T aptInit
001056a8 00000090 T APT_CheckNew3DS
00105738 00000104 T fsInit
0010583c 0000003c T fsExit
00105878 00000068 T fsExemptFromSession
001058e0 00000050 T fsUnexemptFromSession
00105930 000000a0 T fsMakePath
001059d0 000000cc T FSUSER_OpenFile
00105a9c 000000b8 T FSUSER_DeleteFile
00105b54 000000f4 T FSUSER_RenameFile
00105c48 000000b8 T FSUSER_DeleteDirectory
00105d00 000000d0 T FSUSER_CreateFile
00105dd0 000000c0 T FSUSER_CreateDirectory
00105e90 000000f4 T FSUSER_RenameDirectory
00105f84 000000b4 T FSUSER_OpenDirectory
00106038 00000090 T FSUSER_OpenArchive
001060c8 0000008c T FSUSER_CloseArchive
00106154 00000074 T FSUSER_GetSdmcArchiveResource
001061c8 00000064 T FSUSER_IsSdmcWritable
0010622c 00000064 T FSFILE_Read
00106290 0000006c T FSFILE_Write
001062fc 00000044 T FSFILE_GetSize
00106340 00000028 T FSFILE_SetSize
00106368 0000003c T FSFILE_Close
001063a4 00000024 T FSFILE_Flush
001063c8 00000060 T FSDIR_Read
00106428 0000003c T FSDIR_Close
00106464 00000c70 t gspHardwareInit
001070d4 00000280 T gspInit
00107354 00000110 T gspExit
00107464 00000010 T gspHasGpuRight
00107474 000000a4 T gspPresentBuffer
00107518 00000050 T gspWaitForEvent
00107568 00000004 W gxCmdQueueInterrupt
0010756c 00000154 t gspEventThreadMain
001076c0 00000050 T GSPGPU_FlushDataCache
00107710 00000034 T GSPGPU_SetLcdForceBlack
00107744 00000080 T GSPGPU_AcquireRight
001077c4 0000005c T GSPGPU_ReleaseRight
00107820 0000007c T GSPGPU_ImportDisplayCaptureInfo
0010789c 0000002c T GSPGPU_SaveVramSysArea
001078c8 0000002c T GSPGPU_RestoreVramSysArea
001078f4 00000024 W hidShouldUseIrrst
00107918 000001cc T hidInit
00107ae4 000000e8 T hidExit
00107bcc 000002a0 T hidScanInput
00107e6c 00000010 T hidKeysDown
00107e7c 000001a4 T irrstInit
00108020 000000dc T irrstExit
001080fc 000000b4 T irrstScanInput
001081b0 00000024 T irrstKeysHeld
001081d4 00000140 T decode_utf8
00108314 000000e8 T utf16_to_utf8
001083fc 000000c0 T utf8_to_utf16
001084bc 00000038 W __libctru_init
001084f4 0000016c W __system_initArgv
00108660 00000030 T __syscall_getreent
00108690 00000004 T __syscall_lock_acquire
00108694 00000004 T __syscall_lock_release
00108698 00000004 T __syscall_lock_acquire_recursive
0010869c 00000004 T __syscall_lock_release_recursive
001086a0 00000004 T __syscall_exit
001086a4 00000054 T initThreadVars
001086f8 00000080 T __system_initSyscalls
00108778 T svcControlMemory
00108798 T svcQueryMemory
001087c8 T svcExitProcess
001087d0 T svcCreateThread
001087f0 T svcExitThread
001087f8 T svcSleepThread
00108800 T svcReleaseMutex
00108808 T svcCreateEvent
0010881c T svcSignalEvent
00108824 T svcClearEvent
0010882c T svcMapMemoryBlock
00108834 T svcUnmapMemoryBlock
0010883c T svcCreateAddressArbiter
00108850 T svcArbitrateAddressNoTimeout
00108858 T svcCloseHandle
00108860 T svcWaitSynchronization
00108868 T svcWaitSynchronizationN
00108890 T svcDuplicateHandle
001088a4 T svcConnectToPort
001088b8 T svcSendSyncRequest
001088c0 T svcGetResourceLimit
001088d4 T svcGetResourceLimitLimitValues
001088dc T svcGetResourceLimitCurrentValues
001088e4 T svcBreak
001088ec T __aeabi_read_tp
001088f8 W initSystem
00108948 W __ctru_exit
0010895c 00000024 t addrMapNodeComparator(rbtree_node const*, rbtree_node const*)
00108980 00000004 t addrMapNodeDestructor(rbtree_node*)
00108984 0000012c T linearMemAlign
00108ab0 00000008 T linearAlloc
00108ab8 0000005c T linearFree
00108b14 00000088 T MemPool::CoalesceRight(MemBlock*)
00108b9c 00000178 T MemPool::Allocate(MemChunk&, unsigned long, int)
00108d14 00000118 T MemPool::Deallocate(MemChunk const&)
00108e2c 00000030 T MemPool::GetFreeSpace()
00108e5c 00000024 t addrMapNodeComparator(rbtree_node const*, rbtree_node const*)
00108e80 00000004 t addrMapNodeDestructor(rbtree_node*)
00108e84 00000248 T vramMemAlignAt
001090cc 0000000c T vramAlloc
001090d8 00000094 T vramFree
0010916c 0000008c W envGetHandle
001091f8 00000050 W envDestroyHandles
00109248 00000034 T __ctru_speedup_config
0010927c 00000164 T srvInit
001093e0 00000064 T srvExit
00109444 00000060 T srvEnableNotification
001094a4 000000a0 T srvGetServiceHandleDirect
00109544 00000048 T srvGetServiceHandle
0010958c 00000034 T srvSubscribe
001095c0 00000060 T srvReceiveNotification
00109620 00000038 T srvPublishToSubscriber
00109658 0000000c T __sync_init
00109664 00000018 T __sync_fini
0010967c 00000028 T syncArbitrateAddress
001096a4 000000ac T LightLock_Lock
00109750 00000040 T LightLock_Unlock
00109790 00000054 T RecursiveLock_Lock
001097e4 00000054 T RecursiveLock_Unlock
00109838 00000044 T LightEvent_Init
0010987c 000000b8 T LightEvent_Clear
00109934 000000dc T LightEvent_Signal
00109a10 00000050 T LightEvent_TryWait
00109a60 000000ac T LightEvent_Wait
00109b0c 000001fc T threadCreate
00109d08 00000038 T threadFree
00109d40 00000024 T threadJoin
00109d64 00000030 T threadGetCurrent
00109d94 00000040 T threadExit
00109dd4 00000020 t _thread_begin
00109df4 00000090 t mappableFindAddressWithin
00109e84 00000028 T mappableInit
00109eac 0000007c T mappableAlloc
00109f28 00000004 T mappableFree
00109f2c 00000078 T ptmSysmInit
00109fa4 0000003c T ptmSysmExit
00109fe0 00000034 T PTMSYSM_ConfigureNew3DSCPU
0010a014 0000000c T srvPmGetSessionHandle
0010a020 00000074 T rbtree_find
0010a094 00000010 T rbtree_init
0010a0a4 00000198 t do_insert
0010a23c 00000008 T rbtree_insert
0010a244 00000310 T rbtree_remove
0010a554 00000090 T rbtree_rotate
0010a5e4 00000054 T decode_utf16
0010a638 00000054 T encode_utf16
0010a68c 000000e0 T encode_utf8
0010a770 000001e8 W __system_allocateHeaps
0010a958 00000030 W __appExit
0010a988 00000030 W __appInit
0010a9b8 00000090 W __libctru_exit
0010aa48 00000060 T rbtree_node_next
0010aaa8 00000130 T __udivmoddi4
0010abd8 00000018 t selfrel_offset31
0010abf0 00000090 t search_EIT_table
0010ac80 00000040 t __gnu_unwind_get_pr_addr
0010acc0 00000110 t get_eit_entry
0010add0 00000088 t restore_non_core_regs
0010ae58 00000014 t _Unwind_decode_typeinfo_ptr.constprop.0
0010ae6c 00000004 t _Unwind_DebugHook
0010ae70 00000064 t unwind_phase2
0010aed4 0000013c t unwind_phase2_forced
0010b010 000000a4 T __gnu_Unwind_RaiseException
0010b0b4 00000020 T __gnu_Unwind_ForcedUnwind
0010b0d4 00000074 T __gnu_Unwind_Resume
0010b148 00000020 T __gnu_Unwind_Resume_or_Rethrow
0010b168 00000064 T _Unwind_VRS_Get
0010b1cc 0000002c t _Unwind_GetGR
0010b1f8 00000064 T _Unwind_VRS_Set
0010b25c 0000002c t _Unwind_SetGR
0010b288 000000c0 T __gnu_Unwind_Backtrace
0010b348 0000040c t __gnu_unwind_pr_common
0010b754 00000008 T __aeabi_unwind_cpp_pr0
0010b75c 00000008 W __aeabi_unwind_cpp_pr1
0010b764 00000008 W __aeabi_unwind_cpp_pr2
0010b76c 00000458 T _Unwind_VRS_Pop
0010bbc4 00000064 t next_unwind_byte
0010bc28 00000464 T __gnu_unwind_execute
0010c08c 000000d8 T strncmp
0010c164 0000008c T strlen
0010c1f0 0000001c t stdio_exit_handler
0010c20c 0000005c t cleanup_stdio
0010c268 00000154 t global_stdio_init.part.0
0010c3bc 0000005c T __sinit
0010c418 0000000c T __sfp_lock_acquire
0010c424 0000000c T __sfp_lock_release
0010c430 000001ec t _strtoul_l.isra.0
0010c61c 0000003c T strtoul
0010c658 00000084 T __libc_init_array
0010c6dc 0000009c T strncat
0010c778 00000070 T _fwalk_sglue
0010c7e8 00000078 T bsearch
0010c860 0000000c T __errno
0010c86c 00000014 T abort
0010c880 00000028 T memalign
0010c8a8 0000082c T _malloc_r
0010d0d4 00000114 T _malloc_trim_r
0010d1e8 00000314 T _free_r
0010d4fc 00000034 T printf
0010d530 0000003c T strnlen
0010d56c 00000040 T malloc
0010d5ac 00000020 T free
0010d5cc 0000022c T __sflush_r
0010d7f8 000000c4 T _fflush_r
0010d8bc 000000e4 T memset
0010d9a0 0000000c T __malloc_lock
0010d9ac 0000000c T __malloc_unlock
0010d9b8 00000004 W __call_exitprocs
0010d9bc 00000030 T exit
0010d9ec 00000294 T setvbuf
0010dc80 000000d4 T strncpy
0010dd54 0000012c T memcpy
0010de80 00000044 T __sread
0010dec4 00000068 T __swrite
0010df2c 00000040 T __sseek
0010df6c 00000008 T __sclose
0010df74 0000009c T _raise_r
0010e010 00000020 T raise
0010e030 00000144 T _fclose_r
0010e174 0000016c T _memalign_r
0010e2e0 000005e0 t get_arg
0010e8c0 00003554 T _vfprintf_r
00111e14 000000b4 t __sbprintf
00111ec8 000000e8 T memchr
00111fb0 000001c0 t quorem
00112170 000013f0 T _dtoa_r
00113560 000000a0 T _wcrtomb_r
00113600 0000003c T __libc_fini_array
0011363c 00000164 T __smakebuf_r
001137a0 00000090 T __swhatbuf_r
00113830 00000028 T _wcsrtombs_r
00113858 00000140 T __swsetup_r
00113998 00000088 T frexp
00113a20 0000005c T __assert_func
00113a7c 00000088 T _Balloc
00113b04 0000001c T _Bfree
00113b20 000000f4 T __multadd
00113c14 00000080 T __hi0bits
00113c94 000000f0 T __lo0bits
00113d84 000000a4 T __i2b
00113e28 00000230 T __multiply
00114058 00000130 T __pow5mult
00114188 00000138 T __lshift
001142c0 00000058 T __mcmp
00114318 00000218 T __mdiff
00114530 00000120 T __d2b
00114650 00000024 T __locale_mb_cur_max
00114674 0000003c T fiprintf
001146b0 0000015c T _wcsnrtombs_l
0011480c 00000064 T _wcsnrtombs_r
00114870 00000340 T __utf8_mbtowc
00114bb0 00000030 T __sprint_r
00114be0 00000024 T _localeconv_r
00114c04 000000d8 T _calloc_r
00114cdc 000000f8 T __utf8_wctomb
00114dd4 000004a4 T __sfvwrite_r
00115278 00000140 T strchr
001153b8 0000016c T memmove
00115524 000005e0 t get_arg
00115b04 000022f8 T _vfiprintf_r
00117dfc 000000b4 t __sbprintf
00117eb0 000004f0 T _realloc_r
001183a0 00000020 T _exit
001183c0 00000140 T chdir
00118500 000001c8 T _concatenate_path
001186c8 0000009c T _fstat_r
00118764 00000014 T _getpid_r
00118778 0000002c T __getreent
001187a4 00000058 T __get_handle
001187fc 00000110 T _close_r
0011890c 00000008 t null_write
00118914 00000018 T setDefaultDevice
0011892c 000000c4 T FindDevice
001189f0 00000028 T RemoveDevice
00118a18 00000098 T AddDevice
00118ab0 00000020 T GetDeviceOpTab
00118ad0 00000008 T _isatty_r
00118ad8 00000014 T _kill_r
00118aec 00000094 T _lseek_r
00118b80 00000094 T _read_r
00118c14 00000078 W _sbrk_r
00118c8c 0000001c T __libc_lock_acquire
00118ca8 0000001c T __libc_lock_release
00118cc4 0000001c T __libc_lock_acquire_recursive
00118ce0 0000001c T __libc_lock_release_recursive
00118cfc 00000094 T _write_r
00118d90 00000048 T strrchr
00118dd8 T _fini
001190ec r .LC2
00119214 00000030 r error_table
00119244 00000080 r archive_devoptab
00119430 00000080 r dotab_stdout
001194b0 00000018 r grayScale
001194c8 00000006 r colorCube
001194d0 00000030 r colorTable
0011951c 00000008 r morton_y.2
00119524 00000008 r morton_x.3
0011952c 00000008 r s_sleepWakeEvents.4
00119534 0000000c r serviceNameTable.5
00119540 R default_font_bin
00119d40 R default_font_bin_end
00119d58 00000101 R _ctype_
00119f80 00000010 r zeroes.0
00119f90 00000010 r blanks.1
00119fa8 0000006c R __action_table
0011a014 0000006c R __state_table
0011a080 00000100 R __chclass
0011a180 0000000c r p05.0
0011a190 00000028 R __mprec_bigtens
0011a1b8 000000c8 R __mprec_tens
0011a36c 00000010 r zeroes.0
0011a37c 00000010 r blanks.1
0011a38c 00000080 R dotab_stdnull
0011a40c R __tdata_align
0011a410 r __EH_FRAME_BEGIN__
0011a410 R __exidx_start
0011a4a0 R __exidx_end
0011b000 00000001 d firstConsoleInit.0
0011b004 00000004 D currentConsole
0011b008 00000048 D defaultConsole
0011b050 00000004 d aptChainloadDeliverArgSize
0011b054 00000004 d kCount
0011b058 00000004 d kInterval
0011b05c 00000004 d kDelay
0011b060 W __stacksize__
0011b064 0000000c D __sglue
0011b070 00000004 D __malloc_sbrk_base
0011b074 00000004 D __malloc_trim_threshold
0011b078 00000408 D __malloc_av_
0011b480 00000004 D _impure_ptr
0011b488 00000140 D _impure_data
0011b5c8 0000016c D __global_locale
0011b734 00000400 d _current_working_directory
0011bb38 00001000 d handles
0011cb38 0000000c d __stderr_handle
0011cb44 0000000c d __stdout_handle
0011cb50 0000000c d __stdin_handle
0011cb5c 0000008c D devoptab_list
0011cbe8 00000004 d defaultDevice
0011cbf4 d _GLOBAL_OFFSET_TABLE_
0011cc00 d __frame_dummy_init_array_entry
0011cc00 D __init_array_start
0011cc00 B __preinit_array_end
0011cc00 B __preinit_array_start
0011cc00 D __tdata_lma
0011cc00 D __tdata_lma_end
0011cc04 d __do_global_dtors_aux_fini_array_entry
0011cc04 D __fini_array_start
0011cc04 D __init_array_end
0011cc08 D __bss_start__
0011cc08 D __fini_array_end
0011cc08 b completed.1
0011cc0c b object.0
0011cc28 000005c0 b archive_devices
0011d1e8 00000004 b archive_device_cwd
0011d1ec 00000001 b archive_initialized
0011d1f0 00000064 b escapeSeq
0011d254 00000048 B currentCopy
0011d29c 00000004 b screenAlloc
0011d2a0 00000004 b screenFree
0011d2a4 00000002 b gfxIsDoubleBuf
0011d2a8 00000002 b gfxCurBuf
0011d2aa 00000001 b gfxIsVram
0011d2ab 00000001 b gfxTopMode
0011d2ac 00000002 b gfxFramebufferFormats
0011d2b0 00000004 b gfxBottomFramebufferMaxSize
0011d2b4 00000004 b gfxTopFramebufferMaxSize
0011d2b8 00000008 b gfxBottomFramebuffers
0011d2c0 00000008 b gfxTopFramebuffers
0011d2c8 00000001 b flagValue.0
0011d2c9 00000001 b flagInit.1
0011d2cc 00000004 b serviceName.6
0011d2d0 00000001 b aptChainloadFlags
0011d2d1 00000001 b aptChainloadMediatype
0011d2d4 00000020 b aptChainloadHmac
0011d2f4 00000300 b aptChainloadDeliverArg
0011d5f8 00000008 b aptChainloadTid
0011d600 00001000 b aptParameters
0011e600 00000004 b aptFlags
0011e604 00000001 b aptHomeButtonState
0011e608 00000004 b aptMessageFuncData
0011e60c 00000004 b aptMessageFunc
0011e610 0000000c b aptFirstHook
0011e61c 00000001 b aptEventHandlerThreadQuit
0011e620 00000004 b aptEventHandlerThread
0011e624 00000008 b aptSleepEvent
0011e62c 00000008 b aptReceiveEvent
0011e634 00000008 b aptEvents
0011e63c 00000004 b aptLockHandle
0011e640 00000004 b aptRefCount
0011e648 00000080 b fsExemptArchives
0011e6c8 00000004 b fsuRefCount
0011e6cc 00000004 b fsuHandle
0011e6d0 00000007 b gspEventCbOneShot
0011e6d8 0000001c b gspEventCbData
0011e6f4 0000001c b gspEventCb
0011e710 00000038 b gspEvents
0011e748 00000004 b gspLastEvent
0011e74c 00000001 b gspRunEvents
0011e750 00000004 b gspEventThread
0011e754 00000004 b gspEvent
0011e758 00000001 b gspGpuRight
0011e759 00000001 b gspThreadId
0011e75c 00000004 b gspSharedMem
0011e760 00000004 b gspSharedMemHandle
0011e764 00000004 b gspRefCount
0011e768 00000004 b gspGpuHandle
0011e76c 00000001 b usingIrrst
0011e770 00000004 b hidRefCount
0011e774 00000006 b gRate
0011e77c 00000006 b aVec
0011e784 00000004 b cPos
0011e788 00000004 b tPos
0011e78c 00000004 b kRepeat
0011e790 00000004 b kUp
0011e794 00000004 b kDown
0011e798 00000004 b kHeld
0011e79c 00000004 b kOld
0011e7a0 00000004 B hidSharedMem
0011e7a4 00000014 B hidEvents
0011e7b8 00000004 B hidMemHandle
0011e7bc 00000004 B hidHandle
0011e7c0 00000004 b irrstRefCount
0011e7c4 00000004 b csPos
0011e7c8 00000004 b kHeld
0011e7cc 00000004 B irrstSharedMem
0011e7d0 00000004 B irrstEvent
0011e7d4 00000004 B irrstMemHandle
0011e7d8 00000004 B irrstHandle
0011e7dc 00000004 B __system_retAddr
0011e7e0 00000004 B __system_argv
0011e7e4 00000004 B __system_argc
0011e7e8 b saved_stack
0011e7f0 00000008 b sLinearPool
0011e7f8 0000000c b sAddrMap
0011e808 00000008 b sVramPoolB
0011e810 00000008 b sVramPoolA
0011e818 0000000c b sAddrMap
0011e824 00000004 B __3dslink_host
0011e828 00000001 V __ctru_speedup
0011e82c 00000004 b srvRefCount
0011e830 00000004 b srvHandle
0011e834 00000004 b arbiter
0011e838 00000004 b currentAddr
0011e83c 00000004 b maxAddr
0011e840 00000004 b minAddr
0011e844 00000004 b ptmSysmRefCount
0011e848 00000004 b ptmSysmHandle
0011e84c 00000004 b srvPmHandle
0011e850 00000004 V __ctru_linear_heap_size
0011e854 00000004 V __ctru_heap_size
0011e858 00000004 B __ctru_linear_heap
0011e85c 00000004 B __ctru_heap
0011e860 0000000c b __sfp_recursive_mutex
0011e870 00000168 B __sf
0011e9d8 00000004 B __stdio_exit_handler
0011e9dc 00000028 B __malloc_current_mallinfo
0011ea04 00000004 B __malloc_max_total_mem
0011ea08 00000004 B __malloc_max_sbrked_mem
0011ea0c 00000004 B __malloc_top_pad
0011ea10 0000000c b __malloc_recursive_mutex
0011ea1c 00000400 b temp_cwd
0011ee1c 00000004 b __hndl_lock
0011ee20 00000004 B fake_heap_start
0011ee24 00000004 B fake_heap_end
0011ee28 00000004 b heap_start.0
0011ee2c B __tls_start
0011fa34 B __bss_end__
0011fa34 A __end__
0011fa34 B __tls_end
